TN:
SF:lib/src/dart_frog_test_context.dart
FNF:0
FNH:0
DA:11,1
DA:37,1
DA:38,6
DA:41,1
DA:42,1
DA:43,3
DA:44,4
DA:45,1
DA:46,1
DA:49,6
DA:51,1
LF:11
LH:11
end_of_record
TN:
SF:lib/src/matchers/body.dart
FNF:0
FNH:0
DA:6,1
DA:10,4
DA:13,1
DA:17,4
LF:4
LH:4
end_of_record
TN:
SF:lib/src/matchers/http_status.dart
FNF:0
FNH:0
DA:9,1
DA:10,1
DA:14,2
DA:17,2
DA:20,2
DA:23,2
DA:26,2
DA:29,2
DA:32,2
DA:35,2
DA:38,2
DA:41,2
DA:44,2
DA:47,2
DA:50,2
DA:53,2
DA:56,2
DA:59,2
DA:62,2
DA:65,2
DA:68,2
DA:71,2
DA:74,2
DA:77,2
DA:81,1
DA:82,1
DA:86,1
DA:87,1
DA:91,1
DA:92,1
DA:95,2
DA:98,2
DA:101,2
DA:105,1
DA:106,1
DA:110,1
DA:111,1
DA:115,1
DA:116,1
DA:119,2
DA:124,1
DA:130,1
DA:132,4
DA:135,1
DA:137,3
DA:140,1
DA:147,1
DA:148,1
DA:150,3
LF:49
LH:49
end_of_record
