SF:lib/src/path_to_route.dart
DA:11,2
DA:12,2
DA:13,8
DA:15,6
DA:16,6
LF:5
LH:5
end_of_record
SF:lib/src/build_route_configuration.dart
DA:7,1
DA:8,3
DA:10,1
DA:11,3
DA:14,1
DA:15,2
DA:17,1
DA:18,1
DA:20,1
DA:22,3
DA:27,1
DA:28,1
DA:30,1
DA:31,1
DA:33,1
DA:34,1
DA:37,1
DA:45,1
DA:50,1
DA:51,1
DA:52,3
DA:53,1
DA:55,1
DA:58,5
DA:59,3
DA:60,1
DA:61,1
DA:63,3
DA:65,1
DA:66,1
DA:69,1
DA:73,1
DA:74,1
DA:75,1
DA:78,1
DA:79,1
DA:80,1
DA:87,3
DA:88,1
DA:89,1
DA:90,1
DA:102,1
DA:107,1
DA:109,1
DA:110,1
DA:111,3
DA:112,2
DA:113,3
DA:114,1
DA:119,1
DA:124,3
DA:129,1
DA:134,1
DA:135,3
DA:136,1
DA:138,1
DA:139,1
DA:140,6
DA:141,1
DA:143,3
DA:145,3
DA:146,1
DA:147,1
DA:148,2
DA:149,3
DA:152,1
DA:153,1
DA:157,1
DA:158,1
DA:164,1
DA:166,1
DA:167,1
DA:168,1
DA:169,1
DA:170,1
DA:176,1
DA:177,4
DA:182,1
DA:183,1
DA:184,3
DA:185,3
DA:195,1
DA:222,2
DA:242,1
DA:248,1
DA:249,1
DA:250,1
DA:251,1
DA:252,1
DA:257,2
DA:258,2
DA:259,2
DA:260,2
DA:261,2
DA:262,10
DA:272,3
DA:288,1
DA:289,1
DA:290,1
DA:291,1
DA:292,1
DA:297,3
DA:298,3
DA:299,3
DA:300,3
DA:301,3
DA:311,3
DA:323,1
DA:324,1
DA:325,1
DA:326,1
DA:331,1
DA:332,1
DA:333,1
DA:334,1
LF:115
LH:115
end_of_record
